<?xml version="1.0" encoding="UTF-8"?>
<testng-results ignored="0" total="1" passed="1" failed="0" skipped="0">
  <reporter-output>
  </reporter-output>
  <suite started-at="2022-12-06T18:18:38Z" name="TestAutomation" finished-at="2022-12-06T18:18:53Z" duration-ms="14383">
    <groups>
    </groups>
    <test started-at="2022-12-06T18:18:38Z" name="Command line test" finished-at="2022-12-06T18:18:53Z" duration-ms="14383">
      <class name="TestAutomation">
        <test-method is-config="true" signature="setupBrowser()[pri:0, instance:TestAutomation@3d921e20]" started-at="2022-12-06T21:18:38Z" name="setupBrowser" finished-at="2022-12-06T21:18:39Z" duration-ms="1364" status="PASS">
          <reporter-output>
          </reporter-output>
        </test-method> <!-- setupBrowser -->
        <test-method signature="addProduct()[pri:0, instance:TestAutomation@3d921e20]" started-at="2022-12-06T21:18:39Z" name="addProduct" finished-at="2022-12-06T21:18:52Z" duration-ms="12873" status="PASS">
          <reporter-output>
          </reporter-output>
        </test-method> <!-- addProduct -->
        <test-method is-config="true" signature="quitBrowser()[pri:0, instance:TestAutomation@3d921e20]" started-at="2022-12-06T21:18:52Z" name="quitBrowser" finished-at="2022-12-06T21:18:53Z" duration-ms="142" status="PASS">
          <reporter-output>
          </reporter-output>
        </test-method> <!-- quitBrowser -->
      </class> <!-- TestAutomation -->
    </test> <!-- Command line test -->
  </suite> <!-- TestAutomation -->
</testng-results>
